-------------------------------------------------------------------------------
Test set: it.unipd.mtss.IntegerToRomanTest
-------------------------------------------------------------------------------
Tests run: 5, Failures: 1, Errors: 0, Skipped: 0, Time elapsed: 0.001 s <<< FAILURE! - in it.unipd.mtss.IntegerToRomanTest
primiCinquantaNumeri(it.unipd.mtss.IntegerToRomanTest)  Time elapsed: 0.001 s  <<< FAILURE!
org.junit.ComparisonFailure: expected:<X[V]> but was:<X[L]>
	at it.unipd.mtss.IntegerToRomanTest.primiCinquantaNumeri(IntegerToRomanTest.java:65)

