<?xml version="1.0" encoding="UTF-8"?>
<testsuite xmlns:xsi="http://www.w3.org/2001/XMLSchema-instance" xsi:noNamespaceSchemaLocation="https://maven.apache.org/surefire/maven-surefire-plugin/xsd/surefire-test-report.xsd" name="it.unipd.mtss.RomanPrinterTest" time="0.81" tests="7" errors="0" skipped="0" failures="1">
  <properties>
[...]
</properties>
  <testcase name="carattere_C" classname="it.unipd.mtss.RomanPrinterTest" time="0.791"/>
  <testcase name="carattere_D" classname="it.unipd.mtss.RomanPrinterTest" time="0.002"/>
  <testcase name="carattere_I" classname="it.unipd.mtss.RomanPrinterTest" time="0.002"/>
  <testcase name="carattere_L" classname="it.unipd.mtss.RomanPrinterTest" time="0.002"/>
  <testcase name="carattere_M" classname="it.unipd.mtss.RomanPrinterTest" time="0.008">
    <failure message="expected:&lt;[&#10;&#10;&#10;&#10;&#10;]&gt; but was:&lt;[ __  __  &#10;|  \/  | &#10;| \  / | &#10;| |\/| | &#10;| |  | | &#10;|_|  |_| ]&gt;" type="org.junit.ComparisonFailure"><![CDATA[org.junit.ComparisonFailure: 
expected:<[




]> but was:<[ __  __  
|  \/  | 
| \  / | 
| |\/| | 
| |  | | 
|_|  |_| ]>
	at it.unipd.mtss.RomanPrinterTest.carattere_M(RomanPrinterTest.java:135)
]]></failure>
  </testcase>
  <testcase name="carattere_V" classname="it.unipd.mtss.RomanPrinterTest" time="0.001"/>
  <testcase name="carattere_X" classname="it.unipd.mtss.RomanPrinterTest" time="0.002"/>
</testsuite>